2024-01-13T12:19:15.582+05:30  INFO 23864 --- [restartedMain] j.b.LoggerDemoCheckLogFileApplication    : Starting LoggerDemoCheckLogFileApplication using Java 17.0.6 with PID 23864 (C:\Users\KARTIK\WorkSpace\spring_ws\Logger-DemoCheckLogFile\target\classes started by KARTIK in C:\Users\KARTIK\WorkSpace\spring_ws\Logger-DemoCheckLogFile)
2024-01-13T12:19:15.583+05:30  INFO 23864 --- [restartedMain] j.b.LoggerDemoCheckLogFileApplication    : No active profile set, falling back to 1 default profile: "default"
2024-01-13T12:19:15.816+05:30  INFO 23864 --- [restartedMain] o.s.b.w.embedded.tomcat.TomcatWebServer  : Tomcat initialized with port(s): 8080 (http)
2024-01-13T12:19:15.818+05:30  INFO 23864 --- [restartedMain] o.apache.catalina.core.StandardService   : Starting service [Tomcat]
2024-01-13T12:19:15.825+05:30  INFO 23864 --- [restartedMain] o.apache.catalina.core.StandardEngine    : Starting Servlet engine: [Apache Tomcat/10.1.17]
2024-01-13T12:19:15.849+05:30  INFO 23864 --- [restartedMain] o.a.c.c.C.[Tomcat].[localhost].[/]       : Initializing Spring embedded WebApplicationContext
2024-01-13T12:19:15.849+05:30  INFO 23864 --- [restartedMain] w.s.c.ServletWebServerApplicationContext : Root WebApplicationContext: initialization completed in 262 ms
2024-01-13T12:19:15.927+05:30  INFO 23864 --- [restartedMain] o.s.b.d.a.OptionalLiveReloadServer       : LiveReload server is running on port 35729
2024-01-13T12:19:15.941+05:30  INFO 23864 --- [restartedMain] o.s.b.w.embedded.tomcat.TomcatWebServer  : Tomcat started on port(s): 8080 (http) with context path ''
2024-01-13T12:19:15.946+05:30  INFO 23864 --- [restartedMain] j.b.LoggerDemoCheckLogFileApplication    : Started LoggerDemoCheckLogFileApplication in 0.432 seconds (process running for 19.193)
2024-01-13T12:19:15.950+05:30  INFO 23864 --- [restartedMain] .Con	ditionEvaluationDeltaLoggingListener : Condition evaluation unchanged
2024-01-13T12:19:27.210+05:30  INFO 23864 --- [http-nio-8080-exec-1] o.a.c.c.C.[Tomcat].[localhost].[/]       : Initializing Spring DispatcherServlet 'dispatcherServlet'
2024-01-13T12:19:27.210+05:30  INFO 23864 --- [http-nio-8080-exec-1] o.s.web.servlet.DispatcherServlet        : Initializing Servlet 'dispatcherServlet'
2024-01-13T12:19:27.211+05:30  INFO 23864 --- [http-nio-8080-exec-1] o.s.web.servlet.DispatcherServlet        : Completed initialization in 1 ms
2024-01-13T12:19:27.253+05:30  INFO 23864 --- [http-nio-8080-exec-1] jfs.backend.rest.DemoRestController      : getMessage() execution started
2024-01-13T12:19:27.253+05:30  INFO 23864 --- [http-nio-8080-exec-1] jfs.backend.rest.DemoRestController      : getMessage() execution ended
2024-01-13T12:19:56.082+05:30  INFO 23864 --- [File Watcher] rtingClassPathChangeChangedEventListener : Restarting due to 1 class path change (0 additions, 0 deletions, 1 modification)
2024-01-13T12:19:56.097+05:30  INFO 23864 --- [Thread-7] o.apache.catalina.core.StandardService   : Stopping service [Tomcat]
2024-01-13T12:19:56.098+05:30  INFO 23864 --- [Thread-7] o.a.c.c.C.[Tomcat].[localhost].[/]       : Destroying Spring FrameworkServlet 'dispatcherServlet'
2024-01-13T12:25:38.102+05:30  INFO 23864 --- [restartedMain] j.b.LoggerDemoCheckLogFileApplication    : Starting LoggerDemoCheckLogFileApplication using Java 17.0.6 with PID 23864 (C:\Users\KARTIK\WorkSpace\spring_ws\Logger-DemoCheckLogFile\target\classes started by KARTIK in C:\Users\KARTIK\WorkSpace\spring_ws\Logger-DemoCheckLogFile)
2024-01-13T12:25:38.103+05:30  INFO 23864 --- [restartedMain] j.b.LoggerDemoCheckLogFileApplication    : No active profile set, falling back to 1 default profile: "default"
2024-01-13T12:25:38.273+05:30  INFO 23864 --- [restartedMain] o.s.b.w.embedded.tomcat.TomcatWebServer  : Tomcat initialized with port(s): 8080 (http)
2024-01-13T12:25:38.274+05:30  INFO 23864 --- [restartedMain] o.apache.catalina.core.StandardService   : Starting service [Tomcat]
2024-01-13T12:25:38.274+05:30  INFO 23864 --- [restartedMain] o.apache.catalina.core.StandardEngine    : Starting Servlet engine: [Apache Tomcat/10.1.17]
2024-01-13T12:25:38.297+05:30  INFO 23864 --- [restartedMain] o.a.c.c.C.[Tomcat].[localhost].[/]       : Initializing Spring embedded WebApplicationContext
2024-01-13T12:25:38.298+05:30  INFO 23864 --- [restartedMain] w.s.c.ServletWebServerApplicationContext : Root WebApplicationContext: initialization completed in 192 ms
2024-01-13T12:25:38.344+05:30  INFO 23864 --- [restartedMain] o.s.b.d.a.OptionalLiveReloadServer       : LiveReload server is running on port 35729
2024-01-13T12:25:38.355+05:30  INFO 23864 --- [restartedMain] o.s.b.w.embedded.tomcat.TomcatWebServer  : Tomcat started on port(s): 8080 (http) with context path ''
2024-01-13T12:25:38.358+05:30  INFO 23864 --- [restartedMain] j.b.LoggerDemoCheckLogFileApplication    : Started LoggerDemoCheckLogFileApplication in 0.286 seconds (process running for 401.604)
2024-01-13T12:25:38.358+05:30  INFO 23864 --- [restartedMain] .ConditionEvaluationDeltaLoggingListener : Condition evaluation unchanged
2024-01-13T16:10:46.040+05:30  INFO 23864 --- [RMI TCP Connection(192)-127.0.0.1] inMXBeanRegistrar$SpringApplicationAdmin : Application shutdown requested.
2024-01-13T16:10:46.086+05:30  INFO 23864 --- [RMI TCP Connection(192)-127.0.0.1] o.apache.catalina.core.StandardService   : Stopping service [Tomcat]
